*** Starting uWSGI 2.0.17.1 (64bit) on [Wed Oct  3 20:55:45 2018] ***
compiled with version: 5.4.0 20160609 on 02 October 2018 11:14:48
os: Linux-4.4.0-117-generic #141-Ubuntu SMP Tue Mar 13 11:58:07 UTC 2018
nodename: jcserver
machine: x86_64
clock source: unix
detected number of CPU cores: 1
current working directory: /home/yangjc/vir_server/web2/web2
writing pidfile to my_uwsgi.pid
detected binary path: /home/yangjc/.local/bin/uwsgi
!!! no internal routing support, rebuild with pcre support !!!
chdir() to /home/yangjc/vir_server/web2/
your processes number limit is 7856
limiting address space of processes...
your process address space limit is 536870912 bytes (512 MB)
your memory page size is 4096 bytes
detected max file descriptor number: 65535
VirtualHosting mode enabled.
lock engine: pthread robust mutexes
thunder lock: disabled (you can enable it with --thunder-lock)
uWSGI http bound on :8090 fd 4
uwsgi socket 0 bound to TCP address 127.0.0.1:34619 (port auto-assigned) fd 3
Python version: 3.5.2 (default, Nov 23 2017, 16:37:01)  [GCC 5.4.0 20160609]
Set PythonHome to /home/yangjc/vir_server/
*** Python threads support is disabled. You can enable it with --enable-threads ***
Python main interpreter initialized at 0x10c64e0
your server socket listen backlog is limited to 100 connections
your mercy for graceful operations on workers is 60 seconds
mapped 296424 bytes (289 KB) for 2 cores
*** Operational MODE: preforking ***
Traceback (most recent call last):
  File "./web2/wsgi.py", line 12, in <module>
    from django.core.wsgi import get_wsgi_application
ImportError: No module named 'django'
unable to load app 0 (mountpoint='') (callable not found or import error)
Traceback (most recent call last):
  File "web2/wsgi.py", line 12, in <module>
    from django.core.wsgi import get_wsgi_application
ImportError: No module named 'django'
unable to load app 0 (mountpoint='') (callable not found or import error)
*** no app loaded. going in full dynamic mode ***
*** uWSGI is running in multiple interpreter mode ***
spawned uWSGI master process (pid: 6266)
spawned uWSGI worker 1 (pid: 6267, cores: 1)
spawned uWSGI worker 2 (pid: 6268, cores: 1)
spawned uWSGI http 1 (pid: 6269)
Wed Oct  3 21:19:19 2018 - uWSGI worker 1 screams: UAAAAAAH my master disconnected: i will kill myself !!!
Wed Oct  3 21:19:19 2018 - uWSGI worker 2 screams: UAAAAAAH my master disconnected: i will kill myself !!!
