*** Starting uWSGI 2.0.17.1 (64bit) on [Wed Oct  3 21:34:20 2018] ***
compiled with version: 5.4.0 20160609 on 02 October 2018 11:14:48
os: Linux-4.4.0-117-generic #141-Ubuntu SMP Tue Mar 13 11:58:07 UTC 2018
nodename: jcserver
machine: x86_64
clock source: unix
detected number of CPU cores: 1
current working directory: /home/yangjc/vir_server2/web2/web2
writing pidfile to uwsgi.pid
detected binary path: /home/yangjc/vir_server2/bin/uwsgi
!!! no internal routing support, rebuild with pcre support !!!
chdir() to /home/yangjc/vir_server2/web2/
your processes number limit is 7856
your memory page size is 4096 bytes
detected max file descriptor number: 65535
lock engine: pthread robust mutexes
thunder lock: disabled (you can enable it with --thunder-lock)
uWSGI http bound on :8000 fd 3
probably another instance of uWSGI is running on the same address (:8000).
bind(): Address already in use [core/socket.c line 769]
*** Starting uWSGI 2.0.17.1 (64bit) on [Wed Oct  3 21:36:39 2018] ***
compiled with version: 5.4.0 20160609 on 02 October 2018 11:14:48
os: Linux-4.4.0-117-generic #141-Ubuntu SMP Tue Mar 13 11:58:07 UTC 2018
nodename: jcserver
machine: x86_64
clock source: unix
detected number of CPU cores: 1
current working directory: /home/yangjc/vir_server2/web2/web2
writing pidfile to uwsgi.pid
detected binary path: /home/yangjc/vir_server2/bin/uwsgi
!!! no internal routing support, rebuild with pcre support !!!
chdir() to /home/yangjc/vir_server2/web2/
your processes number limit is 7856
your memory page size is 4096 bytes
detected max file descriptor number: 65535
lock engine: pthread robust mutexes
thunder lock: disabled (you can enable it with --thunder-lock)
uWSGI http bound on :8000 fd 4
uwsgi socket 0 bound to TCP address 127.0.0.1:45433 (port auto-assigned) fd 3
Python version: 3.5.2 (default, Nov 23 2017, 16:37:01)  [GCC 5.4.0 20160609]
Python main interpreter initialized at 0x859360
python threads support enabled
your server socket listen backlog is limited to 100 connections
your mercy for graceful operations on workers is 60 seconds
mapped 416720 bytes (406 KB) for 8 cores
*** Operational MODE: preforking+threaded ***
WSGI app 0 (mountpoint='') ready in 0 seconds on interpreter 0x859360 pid: 6864 (default app)
*** uWSGI is running in multiple interpreter mode ***
spawned uWSGI master process (pid: 6864)
spawned uWSGI worker 1 (pid: 6866, cores: 2)
spawned uWSGI worker 2 (pid: 6867, cores: 2)
spawned uWSGI worker 3 (pid: 6868, cores: 2)
spawned uWSGI worker 4 (pid: 6869, cores: 2)
spawned uWSGI http 1 (pid: 6870)
[pid: 6866|app: 0|req: 1/1] 128.97.245.115 () {40 vars in 767 bytes} [Wed Oct  3 13:36:52 2018] GET /server/ => generated 714 bytes in 23 msecs (HTTP/1.1 200) 5 headers in 277 bytes (1 switches on core 0)
sh: 1: /home/yangjc/vir_server2/web2/server/app/fimo: Permission denied
[pid: 6866|app: 0|req: 2/2] 128.97.245.115 () {48 vars in 927 bytes} [Wed Oct  3 13:37:22 2018] POST /server/ => generated 3727 bytes in 8 msecs (HTTP/1.1 200) 3 headers in 110 bytes (1 switches on core 1)
[pid: 6866|app: 0|req: 3/3] 128.97.245.115 () {40 vars in 746 bytes} [Wed Oct  3 13:45:35 2018] GET / => generated 74 bytes in 3 msecs (HTTP/1.1 404) 3 headers in 100 bytes (1 switches on core 0)
[pid: 6866|app: 0|req: 4/4] 202.120.19.91 () {38 vars in 735 bytes} [Thu Oct  4 00:00:43 2018] GET /server/ => generated 714 bytes in 3 msecs (HTTP/1.1 200) 5 headers in 277 bytes (1 switches on core 1)
[pid: 6866|app: 0|req: 5/5] 128.97.245.158 () {38 vars in 722 bytes} [Thu Oct  4 00:18:43 2018] GET / => generated 74 bytes in 1 msecs (HTTP/1.1 404) 3 headers in 100 bytes (1 switches on core 0)
Thu Oct  4 00:20:02 2018 - uWSGI worker 1 screams: UAAAAAAH my master disconnected: i will kill myself !!!
Thu Oct  4 00:20:02 2018 - uWSGI worker 2 screams: UAAAAAAH my master disconnected: i will kill myself !!!
Thu Oct  4 00:20:02 2018 - uWSGI worker 4 screams: UAAAAAAH my master disconnected: i will kill myself !!!
Thu Oct  4 00:20:02 2018 - uWSGI worker 3 screams: UAAAAAAH my master disconnected: i will kill myself !!!
Thu Oct  4 00:20:02 2018 - uWSGI worker 1 screams: UAAAAAAH my master disconnected: i will kill myself !!!
Thu Oct  4 00:20:02 2018 - uWSGI worker 2 screams: UAAAAAAH my master disconnected: i will kill myself !!!
Thu Oct  4 00:20:02 2018 - uWSGI worker 4 screams: UAAAAAAH my master disconnected: i will kill myself !!!
Thu Oct  4 00:20:02 2018 - uWSGI worker 3 screams: UAAAAAAH my master disconnected: i will kill myself !!!
